<?xml version="1.0" encoding="UTF-8"?>
<!-- Generated by org.testng.reporters.JUnitXMLReporter -->
<testsuite ignored="1" hostname="Manoj_Kumar_M" failures="0" tests="2" name="Default test" time="0.169" errors="0" timestamp="2024-03-03T12:43:00 IST">
  <testcase classname="demo.Demo" name="openBrowser" time="0.024"/>
  <testcase classname="demo.Demo" name="register" time="0.003"/>
  <testcase classname="demo.Demo" name="login" time="0.0">
    <ignored/>
  </testcase> <!-- login -->
</testsuite> <!-- Default test -->
