<?xml version="1.0" encoding="UTF-8"?>
<testng-results ignored="0" total="1" passed="1" failed="0" skipped="0">
  <reporter-output>
  </reporter-output>
  <suite started-at="2024-03-08T16:41:08 IST" name="Default suite" finished-at="2024-03-08T16:41:08 IST" duration-ms="123">
    <groups>
    </groups>
    <test started-at="2024-03-08T16:41:08 IST" name="Default test" finished-at="2024-03-08T16:41:08 IST" duration-ms="123">
      <class name="demo.NewClass">
        <test-method signature="testMethod()[pri:0, instance:demo.NewClass@d737b89]" started-at="2024-03-08T16:41:08 IST" name="testMethod" finished-at="2024-03-08T16:41:08 IST" duration-ms="19" status="PASS">
          <reporter-output>
          </reporter-output>
        </test-method> <!-- testMethod -->
      </class> <!-- demo.NewClass -->
    </test> <!-- Default test -->
  </suite> <!-- Default suite -->
</testng-results>
