<?xml version="1.0" encoding="UTF-8"?>
<testng-results ignored="0" total="2" passed="2" failed="0" skipped="0">
  <reporter-output>
    <line>
      <![CDATA[Browser Opened]]>
    </line>
    <line>
      <![CDATA[Registered]]>
    </line>
  </reporter-output>
  <suite started-at="2024-03-03T12:43:00 IST" name="Default suite" finished-at="2024-03-03T12:43:00 IST" duration-ms="169">
    <groups>
    </groups>
    <test started-at="2024-03-03T12:43:00 IST" name="Default test" finished-at="2024-03-03T12:43:00 IST" duration-ms="169">
      <class name="demo.Demo">
        <test-method signature="openBrowser()[pri:0, instance:demo.Demo@35dab4eb]" started-at="2024-03-03T12:43:00 IST" name="openBrowser" finished-at="2024-03-03T12:43:00 IST" duration-ms="24" status="PASS">
          <reporter-output>
            <line>
              <![CDATA[Browser Opened]]>
            </line>
          </reporter-output>
        </test-method> <!-- openBrowser -->
        <test-method signature="register()[pri:0, instance:demo.Demo@35dab4eb]" started-at="2024-03-03T12:43:00 IST" name="register" finished-at="2024-03-03T12:43:00 IST" duration-ms="3" status="PASS">
          <reporter-output>
            <line>
              <![CDATA[Registered]]>
            </line>
          </reporter-output>
        </test-method> <!-- register -->
      </class> <!-- demo.Demo -->
    </test> <!-- Default test -->
  </suite> <!-- Default suite -->
</testng-results>
